RUN	computerdatabase.advanced.AdvancedSimulationStep03	advancedsimulationstep03	1543671608027	 	3.0.1.1
USER	Users	1	START	1543671610543	1543671610543
USER	Admins	4	START	1543671610673	1543671610673
REQUEST	1		Home	1543671610655	1543671611420	OK	 
REQUEST	4		Form	1543671610675	1543671611421	OK	 
USER	Admins	5	START	1543671611507	1543671611507
USER	Users	2	START	1543671611648	1543671611648
REQUEST	1		Home Redirect 1	1543671611447	1543671611817	OK	 
REQUEST	5		Form	1543671611509	1543671612181	OK	 
REQUEST	2		Home	1543671611650	1543671612346	OK	 
USER	Admins	6	START	1543671612506	1543671612506
USER	Users	3	START	1543671612647	1543671612647
REQUEST	2		Home Redirect 1	1543671612349	1543671612701	OK	 
REQUEST	4		Post	1543671612475	1543671612802	OK	 
REQUEST	6		Form	1543671612507	1543671613135	OK	 
REQUEST	4		Post Redirect 1	1543671612831	1543671613178	OK	 
USER	Admins	4	END	1543671610673	1543671613190
REQUEST	3		Home	1543671612650	1543671613239	OK	 
REQUEST	1		Search	1543671612841	1543671613197	OK	 
USER	Admins	8	START	1543671613526	1543671613526
USER	Users	7	START	1543671613536	1543671613536
REQUEST	5		Post	1543671613214	1543671613548	OK	 
REQUEST	5		Post Redirect 1	1543671613554	1543671613876	OK	 
USER	Admins	5	END	1543671611507	1543671613879
REQUEST	2		Search	1543671613710	1543671614073	OK	 
REQUEST	7		Home	1543671613538	1543671614277	OK	 
REQUEST	8		Form	1543671613528	1543671614518	OK	 
REQUEST	6		Post	1543671614149	1543671614522	OK	 
USER	Users	9	START	1543671614524	1543671614524
USER	Admins	10	START	1543671614519	1543671614519
REQUEST	1		Select	1543671614210	1543671614582	OK	 
REQUEST	7		Home Redirect 1	1543671614279	1543671614665	OK	 
REQUEST	6		Post Redirect 1	1543671614526	1543671614887	OK	 
USER	Admins	6	END	1543671612506	1543671614889
REQUEST	3		Home Redirect 1	1543671613241	1543671614896	OK	 
REQUEST	9		Home	1543671614526	1543671615305	OK	 
REQUEST	10		Form	1543671614531	1543671615305	OK	 
REQUEST	2		Select	1543671615078	1543671615421	OK	 
USER	Users	11	START	1543671615507	1543671615507
USER	Admins	12	START	1543671615507	1543671615507
REQUEST	9		Home Redirect 1	1543671615307	1543671615665	OK	 
REQUEST	1		Home	1543671615577	1543671615925	OK	 
REQUEST	8		Post	1543671615538	1543671615936	OK	 
REQUEST	7		Search	1543671615677	1543671616062	OK	 
REQUEST	3		Search	1543671615918	1543671616227	OK	 
REQUEST	12		Form	1543671615514	1543671616238	OK	 
REQUEST	1		Home Redirect 1	1543671615927	1543671616278	OK	 
REQUEST	11		Home	1543671615509	1543671616281	OK	 
REQUEST	8		Post Redirect 1	1543671615939	1543671616324	OK	 
USER	Admins	8	END	1543671613526	1543671616326
USER	Users	13	START	1543671616516	1543671616516
USER	Admins	14	START	1543671616516	1543671616516
REQUEST	11		Home Redirect 1	1543671616282	1543671616668	OK	 
REQUEST	10		Post	1543671616330	1543671616688	OK	 
REQUEST	2		Home	1543671616429	1543671616779	OK	 
REQUEST	9		Search	1543671616679	1543671617049	OK	 
REQUEST	10		Post Redirect 1	1543671616690	1543671617055	OK	 
USER	Admins	10	END	1543671614519	1543671617060
REQUEST	2		Home Redirect 1	1543671616780	1543671617125	OK	 
REQUEST	14		Form	1543671616517	1543671617134	OK	 
REQUEST	13		Home	1543671616518	1543671617238	OK	 
REQUEST	7		Select	1543671617067	1543671617431	OK	 
USER	Admins	16	START	1543671617518	1543671617518
USER	Users	15	START	1543671617518	1543671617518
REQUEST	3		Select	1543671617217	1543671617528	OK	 
REQUEST	12		Post	1543671617257	1543671617594	OK	 
REQUEST	13		Home Redirect 1	1543671617239	1543671617656	OK	 
REQUEST	12		Post Redirect 1	1543671617596	1543671617967	OK	 
USER	Admins	12	END	1543671615507	1543671617969
REQUEST	11		Search	1543671617690	1543671618111	OK	 
REQUEST	16		Form	1543671617519	1543671618298	OK	 
REQUEST	15		Home	1543671617519	1543671618325	OK	 
REQUEST	9		Select	1543671618051	1543671618427	OK	 
REQUEST	14		Post	1543671618151	1543671618470	OK	 
USER	Admins	18	START	1543671618516	1543671618516
USER	Users	17	START	1543671618516	1543671618516
REQUEST	1		Page 1	1543671618286	1543671618650	OK	 
REQUEST	15		Home Redirect 1	1543671618326	1543671618717	OK	 
REQUEST	7		Home	1543671618437	1543671618797	OK	 
REQUEST	14		Post Redirect 1	1543671618472	1543671618797	OK	 
USER	Admins	14	END	1543671616516	1543671618799
REQUEST	3		Home	1543671618537	1543671618831	OK	 
REQUEST	13		Search	1543671618681	1543671619029	OK	 
REQUEST	3		Home Redirect 1	1543671618832	1543671619128	OK	 
REQUEST	7		Home Redirect 1	1543671618798	1543671619141	OK	 
REQUEST	18		Form	1543671618519	1543671619202	OK	 
REQUEST	17		Home	1543671618520	1543671619211	OK	 
REQUEST	11		Select	1543671619131	1543671619488	OK	 
REQUEST	2		Page 1	1543671619142	1543671619493	OK	 
USER	Admins	20	START	1543671619516	1543671619516
USER	Users	19	START	1543671619516	1543671619516
REQUEST	17		Home Redirect 1	1543671619212	1543671619545	OK	 
REQUEST	1		Page 2	1543671619317	1543671619686	OK	 
REQUEST	16		Post	1543671619307	1543671619687	OK	 
REQUEST	9		Home	1543671619437	1543671619772	OK	 
REQUEST	16		Post Redirect 1	1543671619688	1543671620052	OK	 
USER	Admins	16	END	1543671617518	1543671620053
REQUEST	19		Home	1543671619517	1543671620083	OK	 
REQUEST	9		Home Redirect 1	1543671619773	1543671620120	OK	 
REQUEST	20		Form	1543671619517	1543671620120	OK	 
REQUEST	15		Search	1543671619727	1543671620125	OK	 
REQUEST	19		Home Redirect 1	1543671620084	1543671620390	OK	 
REQUEST	13		Select	1543671620028	1543671620391	OK	 
REQUEST	2		Page 2	1543671620156	1543671620501	OK	 
REQUEST	18		Post	1543671620209	1543671620551	OK	 
REQUEST	1		Page 3	1543671620310	1543671620640	OK	 
REQUEST	11		Home	1543671620470	1543671620850	OK	 
REQUEST	18		Post Redirect 1	1543671620552	1543671620909	OK	 
USER	Admins	18	END	1543671618516	1543671620911
REQUEST	17		Search	1543671620561	1543671620915	OK	 
REQUEST	11		Home Redirect 1	1543671620850	1543671621233	OK	 
REQUEST	3		Page 1	1543671621127	1543671621450	OK	 
REQUEST	20		Post	1543671621138	1543671621478	OK	 
REQUEST	2		Page 3	1543671621128	1543671621487	OK	 
REQUEST	15		Select	1543671621127	1543671621504	OK	 
REQUEST	7		Page 1	1543671621138	1543671621523	OK	 
REQUEST	13		Home	1543671621386	1543671621727	OK	 
REQUEST	1		Page 4	1543671621387	1543671621753	OK	 
REQUEST	19		Search	1543671621407	1543671621751	OK	 
REQUEST	20		Post Redirect 1	1543671621480	1543671621795	OK	 
USER	Admins	20	END	1543671619516	1543671621797
REQUEST	13		Home Redirect 1	1543671621729	1543671622098	OK	 
REQUEST	17		Select	1543671621909	1543671622392	OK	 
REQUEST	3		Page 2	1543671622127	1543671622482	OK	 
REQUEST	9		Page 1	1543671622117	1543671622481	OK	 
REQUEST	7		Page 2	1543671622196	1543671622565	OK	 
REQUEST	2		Page 4	1543671622226	1543671622575	OK	 
REQUEST	15		Home	1543671622506	1543671622890	OK	 
REQUEST	19		Select	1543671622758	1543671623091	OK	 
REQUEST	15		Home Redirect 1	1543671622890	1543671623291	OK	 
REQUEST	3		Page 3	1543671623107	1543671623408	OK	 
REQUEST	9		Page 2	1543671623146	1543671623529	OK	 
REQUEST	7		Page 3	1543671623197	1543671623551	OK	 
REQUEST	11		Page 1	1543671623227	1543671623587	OK	 
REQUEST	17		Home	1543671623397	1543671623808	OK	 
REQUEST	17		Home Redirect 1	1543671623809	1543671624168	OK	 
REQUEST	19		Home	1543671624091	1543671624409	OK	 
REQUEST	3		Page 4	1543671624152	1543671624482	OK	 
REQUEST	13		Page 1	1543671624111	1543671624488	OK	 
REQUEST	9		Page 3	1543671624170	1543671624531	OK	 
REQUEST	11		Page 2	1543671624271	1543671624636	OK	 
REQUEST	7		Page 4	1543671624291	1543671624655	OK	 
REQUEST	19		Home Redirect 1	1543671624411	1543671624719	OK	 
REQUEST	13		Page 2	1543671625140	1543671625513	OK	 
REQUEST	9		Page 4	1543671625260	1543671625644	OK	 
REQUEST	11		Page 3	1543671625251	1543671625645	OK	 
REQUEST	15		Page 1	1543671625301	1543671625692	OK	 
REQUEST	13		Page 3	1543671626146	1543671626532	OK	 
REQUEST	17		Page 1	1543671626166	1543671626540	OK	 
USER	Users	1	END	1543671610543	1543671626746
REQUEST	15		Page 2	1543671626362	1543671626767	OK	 
REQUEST	11		Page 4	1543671626397	1543671626775	OK	 
REQUEST	19		Page 1	1543671626716	1543671627056	OK	 
USER	Users	2	END	1543671611648	1543671627569
REQUEST	17		Page 2	1543671627211	1543671627634	OK	 
REQUEST	13		Page 4	1543671627270	1543671627652	OK	 
REQUEST	15		Page 3	1543671627390	1543671627808	OK	 
REQUEST	19		Page 2	1543671627726	1543671628081	OK	 
REQUEST	17		Page 3	1543671628267	1543671628670	OK	 
REQUEST	15		Page 4	1543671628547	1543671628962	OK	 
REQUEST	19		Page 3	1543671628720	1543671629050	OK	 
USER	Users	3	END	1543671612647	1543671629476
USER	Users	7	END	1543671613536	1543671629649
REQUEST	17		Page 4	1543671629407	1543671629796	OK	 
REQUEST	19		Page 4	1543671629780	1543671630116	OK	 
USER	Users	9	END	1543671614524	1543671630630
USER	Users	11	END	1543671615507	1543671631757
USER	Users	13	END	1543671616516	1543671632647
USER	Users	15	END	1543671617518	1543671633967
USER	Users	17	END	1543671618516	1543671634803
USER	Users	19	END	1543671619516	1543671635107
