RUN	activitidatabase.ThroughtSimulation	throughtsimulation	1543672358837	 	3.0.1.1
USER	online shopping	1	START	1543672361006	1543672361006
REQUEST	1		startProcess	1543672361080	1543672361381	OK	 
ERROR	getCurrentSingleTask: Failed to build request: url http://localhost:8763getCurrentSingleTask/67585 can't be parsed into an Uri: j.l.NumberFormatException: For input string: "8763getCurrentSingleTask" 	1543672362412
ERROR	completeTask: Failed to build request: No attribute named 'taskId' is defined 	1543672363417
ERROR	getCurrentSingleTask: Failed to build request: url http://localhost:8763getCurrentSingleTask/67585 can't be parsed into an Uri: j.l.NumberFormatException: For input string: "8763getCurrentSingleTask" 	1543672364427
ERROR	completeTask: Failed to build request: No attribute named 'taskId' is defined 	1543672365432
USER	online shopping	2	START	1543672365976	1543672365976
REQUEST	2		startProcess	1543672365977	1543672366248	OK	 
ERROR	getCurrentSingleTask: Failed to build request: url http://localhost:8763getCurrentSingleTask/67585 can't be parsed into an Uri: j.l.NumberFormatException: For input string: "8763getCurrentSingleTask" 	1543672366426
ERROR	getCurrentSingleTask: Failed to build request: url http://localhost:8763getCurrentSingleTask/67589 can't be parsed into an Uri: j.l.NumberFormatException: For input string: "8763getCurrentSingleTask" 	1543672367263
ERROR	completeTask: Failed to build request: No attribute named 'taskId' is defined 	1543672367434
ERROR	completeTask: Failed to build request: No attribute named 'taskId' is defined 	1543672368274
ERROR	getCurrentSingleTask: Failed to build request: url http://localhost:8763getCurrentSingleTask/67585 can't be parsed into an Uri: j.l.NumberFormatException: For input string: "8763getCurrentSingleTask" 	1543672368442
ERROR	getCurrentSingleTask: Failed to build request: url http://localhost:8763getCurrentSingleTask/67589 can't be parsed into an Uri: j.l.NumberFormatException: For input string: "8763getCurrentSingleTask" 	1543672369272
ERROR	completeTask: Failed to build request: No attribute named 'taskId' is defined 	1543672369432
ERROR	completeTask: Failed to build request: No attribute named 'taskId' is defined 	1543672370272
USER	online shopping	1	END	1543672361006	1543672370435
ERROR	getCurrentSingleTask: Failed to build request: url http://localhost:8763getCurrentSingleTask/67589 can't be parsed into an Uri: j.l.NumberFormatException: For input string: "8763getCurrentSingleTask" 	1543672371281
ERROR	completeTask: Failed to build request: No attribute named 'taskId' is defined 	1543672372315
ERROR	getCurrentSingleTask: Failed to build request: url http://localhost:8763getCurrentSingleTask/67589 can't be parsed into an Uri: j.l.NumberFormatException: For input string: "8763getCurrentSingleTask" 	1543672373283
ERROR	completeTask: Failed to build request: No attribute named 'taskId' is defined 	1543672374284
USER	online shopping	2	END	1543672365976	1543672375295
