RUN	activitidatabase.ThroughtSimulation	throughtsimulation	1543672763300	 	3.0.1.1
USER	online shopping	1	START	1543672765588	1543672765588
USER	online shopping	2	START	1543672765988	1543672765988
REQUEST	1		startProcess	1543672765661	1543672766013	OK	 
USER	online shopping	3	START	1543672766317	1543672766317
USER	online shopping	4	START	1543672766660	1543672766660
USER	online shopping	5	START	1543672766988	1543672766988
REQUEST	2		startProcess	1543672765989	1543672767125	OK	 
REQUEST	3		startProcess	1543672766319	1543672767207	OK	 
REQUEST	1		getCurrentSingleTask	1543672767052	1543672767246	OK	 
USER	online shopping	6	START	1543672767318	1543672767318
REQUEST	4		startProcess	1543672766662	1543672767349	OK	 
USER	online shopping	7	START	1543672767657	1543672767657
REQUEST	5		startProcess	1543672766990	1543672767741	OK	 
USER	online shopping	8	START	1543672767887	1543672767887
REQUEST	6		startProcess	1543672767319	1543672767974	OK	 
REQUEST	7		startProcess	1543672767659	1543672768031	OK	 
REQUEST	8		startProcess	1543672767889	1543672768134	OK	 
USER	online shopping	9	START	1543672768218	1543672768218
USER	online shopping	10	START	1543672768559	1543672768559
REQUEST	2		getCurrentSingleTask	1543672768139	1543672768900	OK	 
USER	online shopping	11	START	1543672768898	1543672768898
REQUEST	3		getCurrentSingleTask	1543672768244	1543672768900	OK	 
REQUEST	4		getCurrentSingleTask	1543672768358	1543672768909	OK	 
REQUEST	5		getCurrentSingleTask	1543672768751	1543672768975	OK	 
REQUEST	6		getCurrentSingleTask	1543672768993	1543672769063	OK	 
USER	online shopping	12	START	1543672769227	1543672769227
REQUEST	7		getCurrentSingleTask	1543672769052	1543672769247	OK	 
REQUEST	9		startProcess	1543672768220	1543672769284	OK	 
REQUEST	8		getCurrentSingleTask	1543672769148	1543672769298	OK	 
REQUEST	10		startProcess	1543672768561	1543672769364	OK	 
REQUEST	11		startProcess	1543672768905	1543672769410	OK	 
USER	online shopping	13	START	1543672769568	1543672769568
REQUEST	12		startProcess	1543672769229	1543672769624	OK	 
REQUEST	1		completeTask	1543672768248	1543672769710	OK	 
REQUEST	13		startProcess	1543672769569	1543672769808	OK	 
USER	online shopping	14	START	1543672769888	1543672769888
REQUEST	14		startProcess	1543672769892	1543672770121	OK	 
USER	online shopping	15	START	1543672770218	1543672770218
REQUEST	9		getCurrentSingleTask	1543672770298	1543672770492	OK	 
USER	online shopping	16	START	1543672770557	1543672770557
REQUEST	10		getCurrentSingleTask	1543672770368	1543672770593	OK	 
REQUEST	2		completeTask	1543672769914	1543672770768	OK	 
REQUEST	3		completeTask	1543672769890	1543672770780	OK	 
REQUEST	4		completeTask	1543672769922	1543672770791	OK	 
REQUEST	12		getCurrentSingleTask	1543672770628	1543672770798	OK	 
REQUEST	11		getCurrentSingleTask	1543672770428	1543672770845	OK	 
USER	online shopping	17	START	1543672770899	1543672770899
REQUEST	15		startProcess	1543672770220	1543672770904	OK	 
REQUEST	13		getCurrentSingleTask	1543672770830	1543672770912	OK	 
REQUEST	5		completeTask	1543672769981	1543672770989	OK	 
REQUEST	1		getCurrentSingleTask	1543672770698	1543672771001	OK	 
REQUEST	16		startProcess	1543672770560	1543672771096	OK	 
REQUEST	6		completeTask	1543672770069	1543672771099	OK	 
USER	online shopping	18	START	1543672771228	1543672771228
REQUEST	14		getCurrentSingleTask	1543672771138	1543672771376	OK	 
REQUEST	17		startProcess	1543672770901	1543672771523	OK	 
USER	online shopping	19	START	1543672771557	1543672771557
REQUEST	7		completeTask	1543672770243	1543672771603	OK	 
REQUEST	8		completeTask	1543672770298	1543672771654	OK	 
REQUEST	18		startProcess	1543672771229	1543672771765	OK	 
REQUEST	19		startProcess	1543672771558	1543672771817	OK	 
REQUEST	3		getCurrentSingleTask	1543672771778	1543672771823	OK	 
REQUEST	2		getCurrentSingleTask	1543672771778	1543672771825	OK	 
REQUEST	4		getCurrentSingleTask	1543672771792	1543672771836	OK	 
USER	online shopping	20	START	1543672771901	1543672771901
REQUEST	15		getCurrentSingleTask	1543672771922	1543672771976	OK	 
REQUEST	9		completeTask	1543672771491	1543672772023	OK	 
REQUEST	5		getCurrentSingleTask	1543672772002	1543672772066	OK	 
REQUEST	10		completeTask	1543672771611	1543672772084	OK	 
REQUEST	20		startProcess	1543672771903	1543672772135	OK	 
REQUEST	6		getCurrentSingleTask	1543672772098	1543672772181	OK	 
REQUEST	16		getCurrentSingleTask	1543672772108	1543672772182	OK	 
USER	online shopping	21	START	1543672772227	1543672772227
USER	online shopping	22	START	1543672772571	1543672772571
REQUEST	17		getCurrentSingleTask	1543672772540	1543672772739	OK	 
REQUEST	12		completeTask	1543672771821	1543672772749	OK	 
REQUEST	7		getCurrentSingleTask	1543672772612	1543672772748	OK	 
REQUEST	8		getCurrentSingleTask	1543672772652	1543672772767	OK	 
REQUEST	11		completeTask	1543672771853	1543672772843	OK	 
REQUEST	18		getCurrentSingleTask	1543672772779	1543672772858	OK	 
REQUEST	13		completeTask	1543672771912	1543672772884	OK	 
USER	online shopping	23	START	1543672772898	1543672772898
REQUEST	19		getCurrentSingleTask	1543672772839	1543672772933	OK	 
REQUEST	21		startProcess	1543672772229	1543672772936	OK	 
REQUEST	22		startProcess	1543672772573	1543672772989	OK	 
REQUEST	1		completeTask	1543672772012	1543672773092	OK	 
REQUEST	9		getCurrentSingleTask	1543672773020	1543672773103	OK	 
REQUEST	10		getCurrentSingleTask	1543672773070	1543672773120	OK	 
USER	online shopping	24	START	1543672773229	1543672773229
REQUEST	23		startProcess	1543672772900	1543672773271	OK	 
REQUEST	20		getCurrentSingleTask	1543672773140	1543672773307	OK	 
REQUEST	14		completeTask	1543672772379	1543672773397	OK	 
REQUEST	3		completeTask	1543672772819	1543672773459	OK	 
REQUEST	24		startProcess	1543672773235	1543672773534	OK	 
USER	online shopping	25	START	1543672773560	1543672773560
REQUEST	4		completeTask	1543672772829	1543672773565	OK	 
REQUEST	2		completeTask	1543672772809	1543672773567	OK	 
REQUEST	5		completeTask	1543672773050	1543672773600	OK	 
REQUEST	15		completeTask	1543672772980	1543672773601	OK	 
REQUEST	6		completeTask	1543672773170	1543672773685	OK	 
USER	online shopping	26	START	1543672773900	1543672773900
REQUEST	16		completeTask	1543672773180	1543672774115	OK	 
REQUEST	12		getCurrentSingleTask	1543672773749	1543672774211	OK	 
USER	online shopping	27	START	1543672774228	1543672774228
REQUEST	11		getCurrentSingleTask	1543672773838	1543672774430	OK	 
USER	online shopping	28	START	1543672774562	1543672774562
REQUEST	13		getCurrentSingleTask	1543672773881	1543672774572	OK	 
REQUEST	21		getCurrentSingleTask	1543672773952	1543672774574	OK	 
REQUEST	25		startProcess	1543672773562	1543672774641	OK	 
REQUEST	3		getCurrentSingleTask	1543672774462	1543672774711	OK	 
REQUEST	4		getCurrentSingleTask	1543672774570	1543672774725	OK	 
REQUEST	24		getCurrentSingleTask	1543672774562	1543672774725	OK	 
USER	online shopping	29	START	1543672774890	1543672774890
REQUEST	22		getCurrentSingleTask	1543672774012	1543672774955	OK	 
REQUEST	1		getCurrentSingleTask	1543672774092	1543672774956	OK	 
REQUEST	6		getCurrentSingleTask	1543672774690	1543672775102	OK	 
REQUEST	14		getCurrentSingleTask	1543672774400	1543672775144	OK	 
REQUEST	23		getCurrentSingleTask	1543672774289	1543672775147	OK	 
USER	online shopping	30	START	1543672775219	1543672775219
REQUEST	15		getCurrentSingleTask	1543672774600	1543672775378	OK	 
REQUEST	5		getCurrentSingleTask	1543672774600	1543672775450	OK	 
REQUEST	2		getCurrentSingleTask	1543672774571	1543672775452	OK	 
REQUEST	26		startProcess	1543672773902	1543672775456	OK	 
REQUEST	27		startProcess	1543672774229	1543672775506	OK	 
REQUEST	16		getCurrentSingleTask	1543672775134	1543672775521	OK	 
REQUEST	25		getCurrentSingleTask	1543672775661	1543672775798	OK	 
REQUEST	29		startProcess	1543672774891	1543672776128	OK	 
REQUEST	28		startProcess	1543672774564	1543672776187	OK	 
REQUEST	30		startProcess	1543672775220	1543672776428	OK	 
REQUEST	7		completeTask	1543672773749	1543672776651	OK	 
REQUEST	17		completeTask	1543672773739	1543672776662	OK	 
REQUEST	8		completeTask	1543672773768	1543672776679	OK	 
REQUEST	19		completeTask	1543672773932	1543672776686	OK	 
REQUEST	9		completeTask	1543672774120	1543672776694	OK	 
REQUEST	18		completeTask	1543672773870	1543672776694	OK	 
REQUEST	26		getCurrentSingleTask	1543672776470	1543672776875	OK	 
REQUEST	27		getCurrentSingleTask	1543672776521	1543672776876	OK	 
REQUEST	20		completeTask	1543672774318	1543672776998	OK	 
REQUEST	10		completeTask	1543672774139	1543672776999	OK	 
REQUEST	11		completeTask	1543672775431	1543672777112	OK	 
REQUEST	21		completeTask	1543672775585	1543672777113	OK	 
REQUEST	13		completeTask	1543672775588	1543672777599	OK	 
REQUEST	12		completeTask	1543672775210	1543672777603	OK	 
REQUEST	29		getCurrentSingleTask	1543672777153	1543672777892	OK	 
REQUEST	28		getCurrentSingleTask	1543672777203	1543672777903	OK	 
REQUEST	17		getCurrentSingleTask	1543672777671	1543672777936	OK	 
REQUEST	9		getCurrentSingleTask	1543672777708	1543672777943	OK	 
REQUEST	8		getCurrentSingleTask	1543672777705	1543672777949	OK	 
REQUEST	7		getCurrentSingleTask	1543672777649	1543672777950	OK	 
REQUEST	30		getCurrentSingleTask	1543672777454	1543672777954	OK	 
REQUEST	22		completeTask	1543672775952	1543672777961	OK	 
REQUEST	18		getCurrentSingleTask	1543672777707	1543672777964	OK	 
REQUEST	19		getCurrentSingleTask	1543672777705	1543672777964	OK	 
REQUEST	1		completeTask	1543672775952	1543672777977	OK	 
REQUEST	24		completeTask	1543672775721	1543672778003	OK	 
REQUEST	4		completeTask	1543672775731	1543672778003	OK	 
REQUEST	3		completeTask	1543672775711	1543672778018	OK	 
REQUEST	6		completeTask	1543672776108	1543672778064	OK	 
REQUEST	23		completeTask	1543672776148	1543672778065	OK	 
REQUEST	14		completeTask	1543672776139	1543672778065	OK	 
REQUEST	10		getCurrentSingleTask	1543672777999	1543672778122	OK	 
REQUEST	20		getCurrentSingleTask	1543672778009	1543672778130	OK	 
REQUEST	15		completeTask	1543672776369	1543672778170	OK	 
REQUEST	2		completeTask	1543672776450	1543672778299	OK	 
REQUEST	21		getCurrentSingleTask	1543672778110	1543672778352	OK	 
REQUEST	11		getCurrentSingleTask	1543672778121	1543672778353	OK	 
REQUEST	5		completeTask	1543672776460	1543672778583	OK	 
REQUEST	16		completeTask	1543672776510	1543672778602	OK	 
REQUEST	13		getCurrentSingleTask	1543672778591	1543672778632	OK	 
REQUEST	12		getCurrentSingleTask	1543672778607	1543672778640	OK	 
REQUEST	25		completeTask	1543672776790	1543672778640	OK	 
REQUEST	26		completeTask	1543672777870	1543672779039	OK	 
REQUEST	27		completeTask	1543672777878	1543672779059	OK	 
REQUEST	24		getCurrentSingleTask	1543672778999	1543672779095	OK	 
REQUEST	3		getCurrentSingleTask	1543672779024	1543672779122	OK	 
REQUEST	22		getCurrentSingleTask	1543672778988	1543672779123	OK	 
REQUEST	1		getCurrentSingleTask	1543672778989	1543672779122	OK	 
REQUEST	4		getCurrentSingleTask	1543672778999	1543672779124	OK	 
REQUEST	6		getCurrentSingleTask	1543672779072	1543672779505	OK	 
REQUEST	14		getCurrentSingleTask	1543672779074	1543672779579	OK	 
REQUEST	23		getCurrentSingleTask	1543672779073	1543672779618	OK	 
REQUEST	15		getCurrentSingleTask	1543672779170	1543672779674	OK	 
REQUEST	2		getCurrentSingleTask	1543672779301	1543672779674	OK	 
REQUEST	16		getCurrentSingleTask	1543672779601	1543672779726	OK	 
REQUEST	5		getCurrentSingleTask	1543672779591	1543672779727	OK	 
REQUEST	25		getCurrentSingleTask	1543672779651	1543672779749	OK	 
REQUEST	26		getCurrentSingleTask	1543672780048	1543672780083	OK	 
REQUEST	27		getCurrentSingleTask	1543672780058	1543672780106	OK	 
REQUEST	29		completeTask	1543672778891	1543672780151	OK	 
REQUEST	12		completeTask	1543672779641	1543672780302	OK	 
REQUEST	10		completeTask	1543672779121	1543672780302	OK	 
REQUEST	18		completeTask	1543672778961	1543672780316	OK	 
REQUEST	9		completeTask	1543672778952	1543672780316	OK	 
REQUEST	13		completeTask	1543672779631	1543672780316	OK	 
REQUEST	20		completeTask	1543672779130	1543672780317	OK	 
REQUEST	19		completeTask	1543672778960	1543672780316	OK	 
REQUEST	11		completeTask	1543672779351	1543672780321	OK	 
REQUEST	8		completeTask	1543672778952	1543672780321	OK	 
REQUEST	30		completeTask	1543672778956	1543672780322	OK	 
REQUEST	7		completeTask	1543672778962	1543672780335	OK	 
REQUEST	17		completeTask	1543672778953	1543672780336	OK	 
REQUEST	21		completeTask	1543672779351	1543672780337	OK	 
REQUEST	28		completeTask	1543672778923	1543672780337	OK	 
REQUEST	22		completeTask	1543672780099	1543672780763	OK	 
REQUEST	24		completeTask	1543672780098	1543672780853	OK	 
REQUEST	4		completeTask	1543672780133	1543672781113	OK	 
REQUEST	1		completeTask	1543672780125	1543672781223	OK	 
REQUEST	3		completeTask	1543672780122	1543672781224	OK	 
REQUEST	29		getCurrentSingleTask	1543672781139	1543672781334	OK	 
REQUEST	9		getCurrentSingleTask	1543672781292	1543672781423	OK	 
REQUEST	10		getCurrentSingleTask	1543672781304	1543672781441	OK	 
REQUEST	6		completeTask	1543672780498	1543672781442	OK	 
REQUEST	12		getCurrentSingleTask	1543672781303	1543672781456	OK	 
REQUEST	8		getCurrentSingleTask	1543672781325	1543672781474	OK	 
REQUEST	28		getCurrentSingleTask	1543672781325	1543672781474	OK	 
REQUEST	20		getCurrentSingleTask	1543672781324	1543672781475	OK	 
REQUEST	17		getCurrentSingleTask	1543672781325	1543672781477	OK	 
REQUEST	13		getCurrentSingleTask	1543672781323	1543672781479	OK	 
REQUEST	14		completeTask	1543672780571	1543672781480	OK	 
REQUEST	18		getCurrentSingleTask	1543672781305	1543672781480	OK	 
REQUEST	21		getCurrentSingleTask	1543672781333	1543672781481	OK	 
REQUEST	7		getCurrentSingleTask	1543672781332	1543672781482	OK	 
REQUEST	30		getCurrentSingleTask	1543672781326	1543672781491	OK	 
REQUEST	11		getCurrentSingleTask	1543672781325	1543672781493	OK	 
REQUEST	19		getCurrentSingleTask	1543672781324	1543672781496	OK	 
REQUEST	23		completeTask	1543672780610	1543672781499	OK	 
REQUEST	15		completeTask	1543672780680	1543672781600	OK	 
REQUEST	2		completeTask	1543672780670	1543672781619	OK	 
REQUEST	25		completeTask	1543672780750	1543672781875	OK	 
REQUEST	16		completeTask	1543672780731	1543672781876	OK	 
REQUEST	5		completeTask	1543672780720	1543672781887	OK	 
REQUEST	22		getCurrentSingleTask	1543672781772	1543672781889	OK	 
REQUEST	24		getCurrentSingleTask	1543672781848	1543672781900	OK	 
REQUEST	26		completeTask	1543672781089	1543672782090	OK	 
USER	online shopping	4	END	1543672766660	1543672782111
REQUEST	27		completeTask	1543672781111	1543672782112	OK	 
USER	online shopping	1	END	1543672765588	1543672782218
USER	online shopping	3	END	1543672766317	1543672782229
USER	online shopping	6	END	1543672767318	1543672782449
REQUEST	14		getCurrentSingleTask	1543672782501	1543672782559	OK	 
REQUEST	23		getCurrentSingleTask	1543672782503	1543672782601	OK	 
USER	online shopping	2	END	1543672765988	1543672782631
REQUEST	15		getCurrentSingleTask	1543672782611	1543672782661	OK	 
USER	online shopping	5	END	1543672766988	1543672782891
REQUEST	25		getCurrentSingleTask	1543672782861	1543672782970	OK	 
REQUEST	16		getCurrentSingleTask	1543672782874	1543672782979	OK	 
REQUEST	29		completeTask	1543672782350	1543672783129	OK	 
REQUEST	26		getCurrentSingleTask	1543672783080	1543672783141	OK	 
REQUEST	27		getCurrentSingleTask	1543672783110	1543672783148	OK	 
REQUEST	20		completeTask	1543672782469	1543672783171	OK	 
REQUEST	17		completeTask	1543672782479	1543672783209	OK	 
REQUEST	9		completeTask	1543672782420	1543672783211	OK	 
REQUEST	11		completeTask	1543672782481	1543672783338	OK	 
REQUEST	30		completeTask	1543672782481	1543672783359	OK	 
REQUEST	7		completeTask	1543672782481	1543672783360	OK	 
REQUEST	21		completeTask	1543672782501	1543672783364	OK	 
REQUEST	28		completeTask	1543672782479	1543672783367	OK	 
REQUEST	8		completeTask	1543672782459	1543672783374	OK	 
REQUEST	10		completeTask	1543672782439	1543672783375	OK	 
REQUEST	12		completeTask	1543672782449	1543672783375	OK	 
REQUEST	13		completeTask	1543672782480	1543672783376	OK	 
REQUEST	19		completeTask	1543672782469	1543672783377	OK	 
REQUEST	18		completeTask	1543672782480	1543672783399	OK	 
REQUEST	22		completeTask	1543672782893	1543672783528	OK	 
REQUEST	24		completeTask	1543672782898	1543672783560	OK	 
REQUEST	29		getCurrentSingleTask	1543672784119	1543672784169	OK	 
USER	online shopping	9	END	1543672768218	1543672784220
REQUEST	14		completeTask	1543672783542	1543672784258	OK	 
REQUEST	23		completeTask	1543672783603	1543672784281	OK	 
REQUEST	17		getCurrentSingleTask	1543672784200	1543672784281	OK	 
REQUEST	20		getCurrentSingleTask	1543672784170	1543672784281	OK	 
USER	online shopping	11	END	1543672768898	1543672784340
USER	online shopping	7	END	1543672767657	1543672784360
USER	online shopping	8	END	1543672767887	1543672784370
USER	online shopping	13	END	1543672769568	1543672784370
USER	online shopping	10	END	1543672768559	1543672784380
USER	online shopping	12	END	1543672769227	1543672784380
REQUEST	15		completeTask	1543672783662	1543672784418	OK	 
REQUEST	19		getCurrentSingleTask	1543672784380	1543672784487	OK	 
REQUEST	18		getCurrentSingleTask	1543672784400	1543672784490	OK	 
REQUEST	21		getCurrentSingleTask	1543672784350	1543672784491	OK	 
REQUEST	30		getCurrentSingleTask	1543672784360	1543672784492	OK	 
REQUEST	28		getCurrentSingleTask	1543672784360	1543672784493	OK	 
REQUEST	22		getCurrentSingleTask	1543672784508	1543672784540	OK	 
REQUEST	24		getCurrentSingleTask	1543672784558	1543672784657	OK	 
REQUEST	25		completeTask	1543672783978	1543672784895	OK	 
REQUEST	16		completeTask	1543672783988	1543672784961	OK	 
REQUEST	27		completeTask	1543672784149	1543672785017	OK	 
REQUEST	26		completeTask	1543672784148	1543672785035	OK	 
USER	online shopping	14	END	1543672769888	1543672785258
REQUEST	23		getCurrentSingleTask	1543672785278	1543672785374	OK	 
USER	online shopping	15	END	1543672770218	1543672785408
REQUEST	29		completeTask	1543672785178	1543672785889	OK	 
USER	online shopping	16	END	1543672770557	1543672785948
REQUEST	25		getCurrentSingleTask	1543672785898	1543672785997	OK	 
REQUEST	17		completeTask	1543672785298	1543672786025	OK	 
REQUEST	20		completeTask	1543672785278	1543672786036	OK	 
REQUEST	27		getCurrentSingleTask	1543672786020	1543672786058	OK	 
REQUEST	26		getCurrentSingleTask	1543672786040	1543672786072	OK	 
REQUEST	28		completeTask	1543672785478	1543672786120	OK	 
REQUEST	19		completeTask	1543672785488	1543672786286	OK	 
REQUEST	22		completeTask	1543672785552	1543672786295	OK	 
REQUEST	18		completeTask	1543672785488	1543672786300	OK	 
REQUEST	30		completeTask	1543672785488	1543672786300	OK	 
REQUEST	21		completeTask	1543672785478	1543672786301	OK	 
REQUEST	24		completeTask	1543672785673	1543672786313	OK	 
REQUEST	29		getCurrentSingleTask	1543672786880	1543672786990	OK	 
REQUEST	23		completeTask	1543672786369	1543672786992	OK	 
USER	online shopping	17	END	1543672770899	1543672787014
USER	online shopping	20	END	1543672771901	1543672787038
REQUEST	28		getCurrentSingleTask	1543672787128	1543672787178	OK	 
USER	online shopping	19	END	1543672771557	1543672787288
USER	online shopping	22	END	1543672772571	1543672787298
USER	online shopping	21	END	1543672772227	1543672787308
USER	online shopping	18	END	1543672771228	1543672787309
USER	online shopping	24	END	1543672773229	1543672787309
REQUEST	30		getCurrentSingleTask	1543672787310	1543672787359	OK	 
REQUEST	25		completeTask	1543672787000	1543672787595	OK	 
REQUEST	27		completeTask	1543672787058	1543672787615	OK	 
REQUEST	26		completeTask	1543672787068	1543672787671	OK	 
USER	online shopping	23	END	1543672772898	1543672787998
REQUEST	29		completeTask	1543672787998	1543672788483	OK	 
REQUEST	28		completeTask	1543672788188	1543672788535	OK	 
USER	online shopping	25	END	1543672773560	1543672788588
USER	online shopping	27	END	1543672774228	1543672788608
REQUEST	30		completeTask	1543672788348	1543672788662	OK	 
USER	online shopping	26	END	1543672773900	1543672788668
USER	online shopping	29	END	1543672774890	1543672789478
USER	online shopping	28	END	1543672774562	1543672789538
USER	online shopping	30	END	1543672775219	1543672789669
