RUN	activitidatabase.ThroughtSimulation	throughtsimulation	1543672662784	 	3.0.1.1
USER	online shopping	1	START	1543672665152	1543672665152
USER	online shopping	2	START	1543672665397	1543672665397
USER	online shopping	3	START	1543672665566	1543672665566
USER	online shopping	4	START	1543672665756	1543672665756
REQUEST	2		startProcess	1543672665398	1543672665849	OK	 
REQUEST	3		startProcess	1543672665567	1543672665868	OK	 
USER	online shopping	5	START	1543672665901	1543672665901
REQUEST	1		startProcess	1543672665223	1543672665713	OK	 
REQUEST	4		startProcess	1543672665765	1543672665976	OK	 
USER	online shopping	6	START	1543672666066	1543672666066
REQUEST	5		startProcess	1543672665902	1543672666213	OK	 
USER	online shopping	7	START	1543672666236	1543672666236
REQUEST	6		startProcess	1543672666067	1543672666319	OK	 
USER	online shopping	8	START	1543672666396	1543672666396
REQUEST	7		startProcess	1543672666237	1543672666450	OK	 
USER	online shopping	9	START	1543672666570	1543672666570
USER	online shopping	10	START	1543672666736	1543672666736
REQUEST	8		startProcess	1543672666398	1543672666754	OK	 
REQUEST	1		getCurrentSingleTask	1543672666749	1543672666790	OK	 
REQUEST	9		startProcess	1543672666572	1543672666832	OK	 
USER	online shopping	11	START	1543672666899	1543672666899
REQUEST	2		getCurrentSingleTask	1543672666870	1543672666913	OK	 
REQUEST	3		getCurrentSingleTask	1543672666890	1543672666955	OK	 
REQUEST	10		startProcess	1543672666737	1543672666963	OK	 
REQUEST	4		getCurrentSingleTask	1543672667000	1543672667034	OK	 
USER	online shopping	12	START	1543672667069	1543672667069
REQUEST	11		startProcess	1543672666900	1543672667100	OK	 
USER	online shopping	13	START	1543672667251	1543672667251
REQUEST	12		startProcess	1543672667070	1543672667297	OK	 
USER	online shopping	14	START	1543672667306	1543672667306
REQUEST	5		getCurrentSingleTask	1543672667231	1543672667319	OK	 
REQUEST	6		getCurrentSingleTask	1543672667328	1543672667385	OK	 
USER	online shopping	15	START	1543672667477	1543672667477
REQUEST	7		getCurrentSingleTask	1543672667467	1543672667511	OK	 
REQUEST	13		startProcess	1543672667252	1543672667514	OK	 
REQUEST	14		startProcess	1543672667307	1543672667620	OK	 
USER	online shopping	16	START	1543672667647	1543672667647
REQUEST	15		startProcess	1543672667478	1543672667798	OK	 
USER	online shopping	17	START	1543672667811	1543672667811
REQUEST	8		getCurrentSingleTask	1543672667769	1543672667818	OK	 
REQUEST	16		startProcess	1543672667648	1543672667962	OK	 
USER	online shopping	18	START	1543672667977	1543672667977
REQUEST	9		getCurrentSingleTask	1543672667849	1543672668025	OK	 
REQUEST	10		getCurrentSingleTask	1543672667977	1543672668142	OK	 
USER	online shopping	19	START	1543672668148	1543672668148
REQUEST	11		getCurrentSingleTask	1543672668119	1543672668237	OK	 
USER	online shopping	20	START	1543672668309	1543672668309
REQUEST	17		startProcess	1543672667812	1543672668396	OK	 
REQUEST	12		getCurrentSingleTask	1543672668309	1543672668433	OK	 
USER	online shopping	21	START	1543672668479	1543672668479
REQUEST	18		startProcess	1543672667979	1543672668552	OK	 
REQUEST	13		getCurrentSingleTask	1543672668526	1543672668647	OK	 
USER	online shopping	22	START	1543672668656	1543672668656
REQUEST	19		startProcess	1543672668149	1543672668690	OK	 
REQUEST	14		getCurrentSingleTask	1543672668639	1543672668718	OK	 
REQUEST	20		startProcess	1543672668311	1543672668746	OK	 
REQUEST	1		completeTask	1543672667792	1543672668785	OK	 
USER	online shopping	23	START	1543672668809	1543672668809
REQUEST	2		completeTask	1543672667908	1543672668886	OK	 
REQUEST	3		completeTask	1543672667947	1543672668886	OK	 
REQUEST	21		startProcess	1543672668480	1543672668886	OK	 
REQUEST	15		getCurrentSingleTask	1543672668809	1543672668900	OK	 
REQUEST	4		completeTask	1543672668031	1543672668930	OK	 
REQUEST	5		completeTask	1543672668336	1543672668965	OK	 
USER	online shopping	24	START	1543672668978	1543672668978
REQUEST	22		startProcess	1543672668658	1543672669014	OK	 
REQUEST	16		getCurrentSingleTask	1543672668978	1543672669037	OK	 
REQUEST	6		completeTask	1543672668389	1543672669049	OK	 
REQUEST	23		startProcess	1543672668810	1543672669092	OK	 
REQUEST	7		completeTask	1543672668507	1543672669124	OK	 
USER	online shopping	25	START	1543672669149	1543672669149
USER	online shopping	26	START	1543672669306	1543672669306
REQUEST	24		startProcess	1543672668979	1543672669388	OK	 
REQUEST	17		getCurrentSingleTask	1543672669407	1543672669465	OK	 
USER	online shopping	27	START	1543672669467	1543672669467
REQUEST	18		getCurrentSingleTask	1543672669569	1543672669635	OK	 
USER	online shopping	28	START	1543672669638	1543672669638
REQUEST	8		completeTask	1543672668830	1543672669674	OK	 
REQUEST	25		startProcess	1543672669151	1543672669776	OK	 
REQUEST	19		getCurrentSingleTask	1543672669713	1543672669804	OK	 
USER	online shopping	29	START	1543672669810	1543672669810
REQUEST	20		getCurrentSingleTask	1543672669756	1543672669830	OK	 
REQUEST	1		getCurrentSingleTask	1543672669786	1543672669844	OK	 
REQUEST	27		startProcess	1543672669468	1543672669907	OK	 
REQUEST	26		startProcess	1543672669307	1543672669917	OK	 
USER	online shopping	30	START	1543672669967	1543672669967
REQUEST	28		startProcess	1543672669639	1543672669981	OK	 
REQUEST	9		completeTask	1543672669021	1543672669991	OK	 
REQUEST	2		getCurrentSingleTask	1543672669888	1543672669991	OK	 
REQUEST	3		getCurrentSingleTask	1543672669888	1543672670004	OK	 
REQUEST	21		getCurrentSingleTask	1543672669901	1543672670004	OK	 
REQUEST	5		getCurrentSingleTask	1543672669948	1543672670039	OK	 
REQUEST	4		getCurrentSingleTask	1543672669938	1543672670047	OK	 
REQUEST	10		completeTask	1543672669150	1543672670054	OK	 
REQUEST	22		getCurrentSingleTask	1543672670029	1543672670073	OK	 
REQUEST	29		startProcess	1543672669812	1543672670074	OK	 
REQUEST	11		completeTask	1543672669236	1543672670089	OK	 
REQUEST	6		getCurrentSingleTask	1543672670059	1543672670104	OK	 
REQUEST	12		completeTask	1543672669437	1543672670120	OK	 
REQUEST	23		getCurrentSingleTask	1543672670109	1543672670136	OK	 
USER	online shopping	31	START	1543672670139	1543672670139
REQUEST	7		getCurrentSingleTask	1543672670130	1543672670234	OK	 
REQUEST	30		startProcess	1543672669969	1543672670282	OK	 
USER	online shopping	32	START	1543672670310	1543672670310
REQUEST	13		completeTask	1543672669661	1543672670328	OK	 
REQUEST	14		completeTask	1543672669716	1543672670363	OK	 
REQUEST	15		completeTask	1543672669904	1543672670375	OK	 
REQUEST	31		startProcess	1543672670140	1543672670433	OK	 
REQUEST	24		getCurrentSingleTask	1543672670407	1543672670450	OK	 
USER	online shopping	33	START	1543672670476	1543672670476
REQUEST	16		completeTask	1543672670050	1543672670489	OK	 
REQUEST	32		startProcess	1543672670311	1543672670498	OK	 
USER	online shopping	34	START	1543672670646	1543672670646
REQUEST	8		getCurrentSingleTask	1543672670667	1543672670689	OK	 
REQUEST	33		startProcess	1543672670477	1543672670752	OK	 
USER	online shopping	35	START	1543672670807	1543672670807
REQUEST	34		startProcess	1543672670647	1543672670828	OK	 
REQUEST	25		getCurrentSingleTask	1543672670797	1543672670845	OK	 
REQUEST	17		completeTask	1543672670467	1543672670848	OK	 
REQUEST	35		startProcess	1543672670808	1543672670958	OK	 
REQUEST	27		getCurrentSingleTask	1543672670929	1543672670964	OK	 
REQUEST	26		getCurrentSingleTask	1543672670938	1543672670969	OK	 
USER	online shopping	36	START	1543672670979	1543672670979
REQUEST	18		completeTask	1543672670637	1543672670991	OK	 
REQUEST	9		getCurrentSingleTask	1543672671001	1543672671045	OK	 
REQUEST	28		getCurrentSingleTask	1543672671001	1543672671053	OK	 
USER	online shopping	37	START	1543672671147	1543672671147
REQUEST	10		getCurrentSingleTask	1543672671049	1543672671222	OK	 
REQUEST	29		getCurrentSingleTask	1543672671088	1543672671267	OK	 
REQUEST	11		getCurrentSingleTask	1543672671097	1543672671269	OK	 
USER	online shopping	38	START	1543672671297	1543672671297
REQUEST	20		completeTask	1543672670837	1543672671345	OK	 
REQUEST	19		completeTask	1543672670822	1543672671355	OK	 
REQUEST	1		completeTask	1543672670837	1543672671374	OK	 
REQUEST	30		getCurrentSingleTask	1543672671297	1543672671380	OK	 
REQUEST	36		startProcess	1543672670980	1543672671417	OK	 
REQUEST	12		getCurrentSingleTask	1543672671128	1543672671426	OK	 
REQUEST	14		getCurrentSingleTask	1543672671358	1543672671436	OK	 
REQUEST	15		getCurrentSingleTask	1543672671380	1543672671437	OK	 
USER	online shopping	39	START	1543672671469	1543672671469
REQUEST	13		getCurrentSingleTask	1543672671317	1543672671486	OK	 
REQUEST	31		getCurrentSingleTask	1543672671450	1543672671515	OK	 
REQUEST	16		getCurrentSingleTask	1543672671484	1543672671539	OK	 
REQUEST	38		startProcess	1543672671298	1543672671562	OK	 
REQUEST	32		getCurrentSingleTask	1543672671512	1543672671563	OK	 
REQUEST	37		startProcess	1543672671148	1543672671628	OK	 
REQUEST	3		completeTask	1543672671013	1543672671639	OK	 
USER	online shopping	40	START	1543672671646	1543672671646
REQUEST	39		startProcess	1543672671471	1543672671668	OK	 
REQUEST	2		completeTask	1543672671001	1543672671676	OK	 
REQUEST	22		completeTask	1543672671078	1543672671681	OK	 
REQUEST	5		completeTask	1543672671049	1543672671688	OK	 
REQUEST	21		completeTask	1543672671016	1543672671690	OK	 
REQUEST	4		completeTask	1543672671037	1543672671691	OK	 
REQUEST	6		completeTask	1543672671097	1543672671710	OK	 
REQUEST	7		completeTask	1543672671233	1543672671723	OK	 
REQUEST	33		getCurrentSingleTask	1543672671766	1543672671798	OK	 
USER	online shopping	41	START	1543672671806	1543672671806
REQUEST	23		completeTask	1543672671138	1543672671836	OK	 
REQUEST	40		startProcess	1543672671648	1543672671854	OK	 
REQUEST	34		getCurrentSingleTask	1543672671847	1543672671915	OK	 
REQUEST	17		getCurrentSingleTask	1543672671858	1543672671919	OK	 
REQUEST	24		completeTask	1543672671460	1543672671925	OK	 
USER	online shopping	42	START	1543672671978	1543672671978
USER	online shopping	43	START	1543672672148	1543672672148
REQUEST	35		getCurrentSingleTask	1543672671979	1543672672225	OK	 
REQUEST	18		getCurrentSingleTask	1543672671999	1543672672228	OK	 
USER	online shopping	44	START	1543672672306	1543672672306
REQUEST	8		completeTask	1543672671691	1543672672373	OK	 
REQUEST	41		startProcess	1543672671807	1543672672376	OK	 
USER	online shopping	45	START	1543672672479	1543672672479
USER	online shopping	46	START	1543672672649	1543672672649
REQUEST	20		getCurrentSingleTask	1543672672346	1543672672754	OK	 
REQUEST	1		getCurrentSingleTask	1543672672379	1543672672801	OK	 
REQUEST	19		getCurrentSingleTask	1543672672336	1543672672803	OK	 
REQUEST	36		getCurrentSingleTask	1543672672429	1543672672816	OK	 
USER	online shopping	47	START	1543672672818	1543672672818
REQUEST	43		startProcess	1543672672151	1543672672937	OK	 
USER	online shopping	48	START	1543672672979	1543672672979
REQUEST	42		startProcess	1543672671979	1543672673007	OK	 
REQUEST	23		getCurrentSingleTask	1543672672838	1543672673021	OK	 
REQUEST	38		getCurrentSingleTask	1543672672570	1543672673042	OK	 
REQUEST	21		getCurrentSingleTask	1543672672680	1543672673041	OK	 
REQUEST	37		getCurrentSingleTask	1543672672651	1543672673047	OK	 
REQUEST	39		getCurrentSingleTask	1543672672690	1543672673065	OK	 
REQUEST	4		getCurrentSingleTask	1543672672690	1543672673065	OK	 
REQUEST	7		getCurrentSingleTask	1543672672720	1543672673066	OK	 
REQUEST	2		getCurrentSingleTask	1543672672670	1543672673067	OK	 
REQUEST	3		getCurrentSingleTask	1543672672640	1543672673070	OK	 
REQUEST	40		getCurrentSingleTask	1543672672874	1543672673128	OK	 
REQUEST	22		getCurrentSingleTask	1543672672690	1543672673128	OK	 
REQUEST	6		getCurrentSingleTask	1543672672710	1543672673129	OK	 
REQUEST	24		getCurrentSingleTask	1543672672922	1543672673129	OK	 
REQUEST	5		getCurrentSingleTask	1543672672680	1543672673142	OK	 
USER	online shopping	49	START	1543672673146	1543672673146
REQUEST	44		startProcess	1543672672307	1543672673294	OK	 
USER	online shopping	50	START	1543672673317	1543672673317
REQUEST	45		startProcess	1543672672480	1543672673460	OK	 
USER	online shopping	51	START	1543672673476	1543672673476
REQUEST	41		getCurrentSingleTask	1543672673392	1543672673514	OK	 
REQUEST	25		completeTask	1543672671844	1543672673526	OK	 
REQUEST	8		getCurrentSingleTask	1543672673380	1543672673526	OK	 
REQUEST	46		startProcess	1543672672650	1543672673617	OK	 
REQUEST	47		startProcess	1543672672819	1543672673618	OK	 
USER	online shopping	52	START	1543672673646	1543672673646
REQUEST	26		completeTask	1543672671969	1543672673653	OK	 
REQUEST	48		startProcess	1543672672980	1543672673682	OK	 
REQUEST	28		completeTask	1543672672059	1543672673701	OK	 
REQUEST	27		completeTask	1543672671958	1543672673703	OK	 
REQUEST	10		completeTask	1543672672226	1543672673719	OK	 
REQUEST	9		completeTask	1543672672039	1543672673719	OK	 
REQUEST	50		startProcess	1543672673318	1543672673796	OK	 
REQUEST	49		startProcess	1543672673147	1543672673797	OK	 
REQUEST	11		completeTask	1543672672269	1543672673811	OK	 
REQUEST	51		startProcess	1543672673477	1543672673813	OK	 
USER	online shopping	53	START	1543672673820	1543672673820
REQUEST	29		completeTask	1543672672284	1543672673838	OK	 
REQUEST	30		completeTask	1543672672390	1543672673849	OK	 
REQUEST	15		completeTask	1543672672439	1543672673872	OK	 
REQUEST	12		completeTask	1543672672420	1543672673875	OK	 
REQUEST	14		completeTask	1543672672440	1543672673882	OK	 
REQUEST	16		completeTask	1543672672530	1543672673897	OK	 
REQUEST	33		completeTask	1543672672818	1543672673898	OK	 
REQUEST	52		startProcess	1543672673647	1543672673911	OK	 
REQUEST	13		completeTask	1543672672490	1543672673912	OK	 
REQUEST	32		completeTask	1543672672560	1543672673915	OK	 
REQUEST	31		completeTask	1543672672520	1543672673941	OK	 
USER	online shopping	54	START	1543672673980	1543672673980
REQUEST	35		completeTask	1543672673227	1543672674059	OK	 
REQUEST	17		completeTask	1543672672921	1543672674059	OK	 
REQUEST	18		completeTask	1543672673227	1543672674060	OK	 
REQUEST	43		getCurrentSingleTask	1543672673951	1543672674075	OK	 
REQUEST	42		getCurrentSingleTask	1543672674020	1543672674089	OK	 
REQUEST	53		startProcess	1543672673821	1543672674122	OK	 
REQUEST	34		completeTask	1543672672922	1543672674153	OK	 
USER	online shopping	55	START	1543672674156	1543672674156
USER	online shopping	56	START	1543672674296	1543672674296
USER	online shopping	57	START	1543672674467	1543672674467
REQUEST	44		getCurrentSingleTask	1543672674309	1543672674581	OK	 
REQUEST	45		getCurrentSingleTask	1543672674480	1543672674640	OK	 
REQUEST	25		getCurrentSingleTask	1543672674531	1543672674640	OK	 
USER	online shopping	58	START	1543672674644	1543672674644
REQUEST	47		getCurrentSingleTask	1543672674644	1543672674761	OK	 
REQUEST	46		getCurrentSingleTask	1543672674645	1543672674771	OK	 
REQUEST	26		getCurrentSingleTask	1543672674647	1543672674771	OK	 
REQUEST	54		startProcess	1543672673981	1543672674779	OK	 
REQUEST	48		getCurrentSingleTask	1543672674699	1543672674787	OK	 
USER	online shopping	59	START	1543672674796	1543672674796
REQUEST	20		completeTask	1543672673757	1543672674845	OK	 
REQUEST	28		getCurrentSingleTask	1543672674710	1543672674848	OK	 
REQUEST	10		getCurrentSingleTask	1543672674721	1543672674849	OK	 
REQUEST	9		getCurrentSingleTask	1543672674733	1543672674928	OK	 
REQUEST	27		getCurrentSingleTask	1543672674720	1543672674955	OK	 
USER	online shopping	60	START	1543672674982	1543672674982
REQUEST	51		getCurrentSingleTask	1543672674830	1543672675012	OK	 
REQUEST	50		getCurrentSingleTask	1543672674817	1543672675014	OK	 
REQUEST	30		getCurrentSingleTask	1543672674843	1543672675017	OK	 
REQUEST	16		getCurrentSingleTask	1543672674896	1543672675032	OK	 
REQUEST	1		completeTask	1543672673797	1543672675034	OK	 
REQUEST	15		getCurrentSingleTask	1543672674866	1543672675035	OK	 
REQUEST	14		getCurrentSingleTask	1543672674886	1543672675036	OK	 
REQUEST	12		getCurrentSingleTask	1543672674877	1543672675038	OK	 
REQUEST	11		getCurrentSingleTask	1543672674808	1543672675038	OK	 
REQUEST	55		startProcess	1543672674157	1543672675039	OK	 
REQUEST	29		getCurrentSingleTask	1543672674817	1543672675037	OK	 
REQUEST	31		getCurrentSingleTask	1543672674938	1543672675052	OK	 
REQUEST	36		completeTask	1543672673820	1543672675054	OK	 
REQUEST	19		completeTask	1543672673798	1543672675054	OK	 
REQUEST	57		startProcess	1543672674469	1543672675065	OK	 
REQUEST	56		startProcess	1543672674297	1543672675066	OK	 
REQUEST	33		getCurrentSingleTask	1543672674877	1543672675066	OK	 
REQUEST	49		getCurrentSingleTask	1543672674817	1543672675067	OK	 
REQUEST	32		getCurrentSingleTask	1543672674916	1543672675067	OK	 
REQUEST	13		getCurrentSingleTask	1543672674916	1543672675071	OK	 
REQUEST	58		startProcess	1543672674645	1543672675189	OK	 
REQUEST	35		getCurrentSingleTask	1543672675067	1543672675518	OK	 
REQUEST	17		getCurrentSingleTask	1543672675066	1543672675521	OK	 
REQUEST	18		getCurrentSingleTask	1543672675067	1543672675525	OK	 
REQUEST	52		getCurrentSingleTask	1543672674932	1543672675543	OK	 
REQUEST	34		getCurrentSingleTask	1543672675151	1543672675546	OK	 
REQUEST	53		getCurrentSingleTask	1543672675139	1543672675555	OK	 
REQUEST	59		startProcess	1543672674798	1543672675666	OK	 
REQUEST	39		completeTask	1543672674058	1543672675681	OK	 
REQUEST	23		completeTask	1543672674020	1543672675809	OK	 
REQUEST	2		completeTask	1543672674082	1543672675821	OK	 
REQUEST	40		completeTask	1543672674140	1543672675826	OK	 
REQUEST	22		completeTask	1543672674127	1543672675829	OK	 
REQUEST	7		completeTask	1543672674083	1543672675830	OK	 
REQUEST	38		completeTask	1543672674082	1543672675830	OK	 
REQUEST	4		completeTask	1543672674082	1543672675833	OK	 
REQUEST	3		completeTask	1543672674083	1543672675834	OK	 
REQUEST	21		completeTask	1543672674058	1543672675835	OK	 
REQUEST	37		completeTask	1543672674055	1543672675836	OK	 
REQUEST	5		completeTask	1543672674156	1543672675880	OK	 
REQUEST	24		completeTask	1543672674127	1543672675881	OK	 
REQUEST	60		startProcess	1543672674983	1543672675880	OK	 
REQUEST	6		completeTask	1543672674140	1543672675936	OK	 
REQUEST	54		getCurrentSingleTask	1543672675787	1543672675937	OK	 
REQUEST	8		completeTask	1543672674531	1543672675983	OK	 
REQUEST	41		completeTask	1543672674521	1543672676124	OK	 
REQUEST	20		getCurrentSingleTask	1543672675839	1543672676413	OK	 
REQUEST	55		getCurrentSingleTask	1543672676057	1543672676547	OK	 
REQUEST	1		getCurrentSingleTask	1543672676042	1543672676910	OK	 
REQUEST	57		getCurrentSingleTask	1543672676087	1543672676913	OK	 
REQUEST	56		getCurrentSingleTask	1543672676087	1543672676946	OK	 
REQUEST	36		getCurrentSingleTask	1543672676058	1543672676953	OK	 
REQUEST	19		getCurrentSingleTask	1543672676058	1543672676954	OK	 
REQUEST	58		getCurrentSingleTask	1543672676197	1543672676955	OK	 
REQUEST	60		getCurrentSingleTask	1543672676901	1543672677057	OK	 
REQUEST	6		getCurrentSingleTask	1543672676931	1543672677072	OK	 
REQUEST	8		getCurrentSingleTask	1543672676986	1543672677107	OK	 
REQUEST	22		getCurrentSingleTask	1543672676827	1543672677499	OK	 
REQUEST	23		getCurrentSingleTask	1543672676821	1543672677596	OK	 
REQUEST	3		getCurrentSingleTask	1543672676822	1543672677596	OK	 
REQUEST	21		getCurrentSingleTask	1543672676832	1543672677598	OK	 
REQUEST	40		getCurrentSingleTask	1543672676811	1543672677598	OK	 
REQUEST	38		getCurrentSingleTask	1543672676811	1543672677600	OK	 
REQUEST	41		getCurrentSingleTask	1543672677118	1543672677600	OK	 
REQUEST	59		getCurrentSingleTask	1543672676687	1543672677601	OK	 
REQUEST	2		getCurrentSingleTask	1543672676811	1543672677602	OK	 
REQUEST	7		getCurrentSingleTask	1543672676826	1543672677941	OK	 
REQUEST	4		getCurrentSingleTask	1543672676827	1543672677941	OK	 
REQUEST	37		getCurrentSingleTask	1543672676834	1543672678010	OK	 
REQUEST	24		getCurrentSingleTask	1543672676877	1543672678010	OK	 
REQUEST	39		getCurrentSingleTask	1543672676687	1543672678010	OK	 
REQUEST	5		getCurrentSingleTask	1543672676877	1543672678011	OK	 
REQUEST	42		completeTask	1543672675097	1543672678314	OK	 
REQUEST	43		completeTask	1543672675078	1543672678456	OK	 
REQUEST	45		completeTask	1543672675644	1543672678635	OK	 
REQUEST	44		completeTask	1543672675580	1543672678642	OK	 
REQUEST	25		completeTask	1543672675630	1543672678643	OK	 
REQUEST	47		completeTask	1543672675757	1543672678825	OK	 
REQUEST	46		completeTask	1543672675767	1543672679121	OK	 
REQUEST	48		completeTask	1543672675797	1543672679121	OK	 
REQUEST	26		completeTask	1543672675778	1543672679136	OK	 
REQUEST	31		completeTask	1543672676058	1543672679701	OK	 
REQUEST	14		completeTask	1543672676042	1543672679724	OK	 
REQUEST	33		completeTask	1543672676077	1543672679740	OK	 
REQUEST	15		completeTask	1543672676041	1543672679784	OK	 
REQUEST	53		completeTask	1543672676557	1543672679786	OK	 
REQUEST	13		completeTask	1543672676076	1543672679787	OK	 
REQUEST	32		completeTask	1543672676077	1543672679788	OK	 
REQUEST	16		completeTask	1543672676057	1543672679798	OK	 
REQUEST	11		completeTask	1543672676032	1543672679800	OK	 
REQUEST	9		completeTask	1543672675930	1543672679800	OK	 
REQUEST	49		completeTask	1543672676075	1543672679801	OK	 
REQUEST	51		completeTask	1543672676021	1543672679803	OK	 
REQUEST	35		completeTask	1543672676507	1543672679805	OK	 
REQUEST	42		getCurrentSingleTask	1543672679306	1543672679805	OK	 
REQUEST	43		getCurrentSingleTask	1543672679461	1543672679806	OK	 
REQUEST	29		completeTask	1543672676041	1543672679806	OK	 
REQUEST	30		completeTask	1543672676021	1543672679807	OK	 
REQUEST	12		completeTask	1543672676041	1543672679808	OK	 
REQUEST	28		completeTask	1543672675840	1543672679809	OK	 
REQUEST	18		completeTask	1543672676521	1543672679810	OK	 
REQUEST	17		completeTask	1543672676521	1543672679830	OK	 
REQUEST	34		completeTask	1543672676536	1543672679830	OK	 
REQUEST	52		completeTask	1543672676547	1543672679831	OK	 
REQUEST	10		completeTask	1543672675850	1543672679832	OK	 
REQUEST	45		getCurrentSingleTask	1543672679635	1543672679831	OK	 
REQUEST	50		completeTask	1543672676011	1543672679834	OK	 
REQUEST	27		completeTask	1543672675941	1543672679834	OK	 
REQUEST	54		completeTask	1543672676947	1543672679875	OK	 
REQUEST	44		getCurrentSingleTask	1543672679647	1543672679930	OK	 
REQUEST	25		getCurrentSingleTask	1543672679647	1543672679930	OK	 
REQUEST	47		getCurrentSingleTask	1543672679824	1543672679930	OK	 
REQUEST	55		completeTask	1543672677556	1543672679931	OK	 
REQUEST	20		completeTask	1543672677407	1543672680229	OK	 
REQUEST	58		completeTask	1543672677961	1543672680575	OK	 
REQUEST	60		completeTask	1543672678060	1543672680599	OK	 
REQUEST	46		getCurrentSingleTask	1543672680117	1543672680598	OK	 
REQUEST	26		getCurrentSingleTask	1543672680137	1543672680603	OK	 
REQUEST	57		completeTask	1543672677917	1543672680611	OK	 
REQUEST	19		completeTask	1543672677960	1543672680612	OK	 
REQUEST	36		completeTask	1543672677950	1543672680612	OK	 
REQUEST	48		getCurrentSingleTask	1543672680117	1543672680631	OK	 
REQUEST	56		completeTask	1543672677950	1543672680635	OK	 
REQUEST	1		completeTask	1543672677916	1543672680650	OK	 
REQUEST	8		completeTask	1543672678091	1543672680654	OK	 
REQUEST	6		completeTask	1543672678082	1543672680665	OK	 
REQUEST	22		completeTask	1543672678490	1543672680687	OK	 
REQUEST	31		getCurrentSingleTask	1543672680699	1543672680772	OK	 
REQUEST	14		getCurrentSingleTask	1543672680719	1543672680842	OK	 
REQUEST	33		getCurrentSingleTask	1543672680729	1543672680842	OK	 
REQUEST	32		getCurrentSingleTask	1543672680776	1543672680864	OK	 
REQUEST	16		getCurrentSingleTask	1543672680787	1543672680879	OK	 
REQUEST	13		getCurrentSingleTask	1543672680776	1543672680882	OK	 
REQUEST	15		getCurrentSingleTask	1543672680787	1543672680895	OK	 
REQUEST	49		getCurrentSingleTask	1543672680798	1543672680913	OK	 
REQUEST	30		getCurrentSingleTask	1543672680797	1543672680919	OK	 
REQUEST	53		getCurrentSingleTask	1543672680787	1543672680922	OK	 
REQUEST	18		getCurrentSingleTask	1543672680812	1543672680923	OK	 
REQUEST	11		getCurrentSingleTask	1543672680806	1543672680925	OK	 
REQUEST	9		getCurrentSingleTask	1543672680796	1543672680928	OK	 
REQUEST	35		getCurrentSingleTask	1543672680807	1543672680935	OK	 
REQUEST	51		getCurrentSingleTask	1543672680797	1543672680938	OK	 
REQUEST	28		getCurrentSingleTask	1543672680798	1543672680936	OK	 
REQUEST	40		completeTask	1543672678608	1543672680947	OK	 
REQUEST	29		getCurrentSingleTask	1543672680809	1543672680949	OK	 
REQUEST	12		getCurrentSingleTask	1543672680810	1543672680955	OK	 
REQUEST	59		completeTask	1543672678607	1543672680956	OK	 
REQUEST	23		completeTask	1543672678588	1543672680956	OK	 
REQUEST	21		completeTask	1543672678602	1543672680959	OK	 
REQUEST	41		completeTask	1543672678609	1543672680961	OK	 
REQUEST	2		completeTask	1543672678607	1543672680965	OK	 
REQUEST	38		completeTask	1543672678606	1543672680966	OK	 
REQUEST	3		completeTask	1543672678589	1543672680967	OK	 
REQUEST	17		getCurrentSingleTask	1543672680846	1543672680978	OK	 
REQUEST	52		getCurrentSingleTask	1543672680847	1543672680980	OK	 
REQUEST	10		getCurrentSingleTask	1543672680848	1543672680982	OK	 
REQUEST	27		getCurrentSingleTask	1543672680865	1543672680986	OK	 
REQUEST	34		getCurrentSingleTask	1543672680862	1543672680997	OK	 
REQUEST	50		getCurrentSingleTask	1543672680865	1543672680998	OK	 
REQUEST	54		getCurrentSingleTask	1543672680880	1543672681018	OK	 
REQUEST	5		completeTask	1543672679011	1543672681035	OK	 
REQUEST	55		getCurrentSingleTask	1543672680927	1543672681061	OK	 
REQUEST	7		completeTask	1543672678937	1543672681075	OK	 
REQUEST	4		completeTask	1543672678938	1543672681080	OK	 
REQUEST	39		completeTask	1543672679010	1543672681091	OK	 
REQUEST	37		completeTask	1543672679009	1543672681092	OK	 
REQUEST	24		completeTask	1543672679039	1543672681097	OK	 
REQUEST	20		getCurrentSingleTask	1543672681248	1543672681294	OK	 
REQUEST	43		completeTask	1543672680808	1543672681511	OK	 
REQUEST	42		completeTask	1543672680807	1543672681517	OK	 
USER	online shopping	1	END	1543672665152	1543672681648
USER	online shopping	8	END	1543672666396	1543672681656
USER	online shopping	6	END	1543672666066	1543672681656
REQUEST	25		completeTask	1543672680974	1543672681695	OK	 
REQUEST	45		completeTask	1543672680859	1543672681696	OK	 
REQUEST	47		completeTask	1543672680927	1543672681696	OK	 
REQUEST	60		getCurrentSingleTask	1543672681586	1543672681733	OK	 
REQUEST	58		getCurrentSingleTask	1543672681586	1543672681733	OK	 
REQUEST	19		getCurrentSingleTask	1543672681599	1543672681735	OK	 
REQUEST	36		getCurrentSingleTask	1543672681615	1543672681737	OK	 
REQUEST	22		getCurrentSingleTask	1543672681686	1543672681755	OK	 
REQUEST	56		getCurrentSingleTask	1543672681626	1543672681763	OK	 
REQUEST	44		completeTask	1543672680974	1543672681764	OK	 
REQUEST	57		getCurrentSingleTask	1543672681599	1543672681764	OK	 
USER	online shopping	2	END	1543672665397	1543672681961
USER	online shopping	3	END	1543672665566	1543672681969
USER	online shopping	5	END	1543672665901	1543672682027
USER	online shopping	7	END	1543672666236	1543672682078
USER	online shopping	4	END	1543672665756	1543672682088
REQUEST	21		getCurrentSingleTask	1543672681959	1543672682150	OK	 
REQUEST	40		getCurrentSingleTask	1543672681958	1543672682151	OK	 
REQUEST	23		getCurrentSingleTask	1543672681959	1543672682154	OK	 
REQUEST	59		getCurrentSingleTask	1543672681959	1543672682160	OK	 
REQUEST	41		getCurrentSingleTask	1543672681960	1543672682165	OK	 
REQUEST	38		getCurrentSingleTask	1543672681947	1543672682164	OK	 
REQUEST	37		getCurrentSingleTask	1543672682088	1543672682281	OK	 
REQUEST	24		getCurrentSingleTask	1543672682079	1543672682282	OK	 
REQUEST	39		getCurrentSingleTask	1543672682098	1543672682286	OK	 
REQUEST	43		getCurrentSingleTask	1543672682506	1543672682622	OK	 
REQUEST	42		getCurrentSingleTask	1543672682520	1543672682639	OK	 
REQUEST	25		getCurrentSingleTask	1543672682647	1543672682722	OK	 
REQUEST	45		getCurrentSingleTask	1543672682666	1543672682740	OK	 
REQUEST	47		getCurrentSingleTask	1543672682697	1543672682827	OK	 
REQUEST	44		getCurrentSingleTask	1543672682720	1543672682919	OK	 
REQUEST	46		completeTask	1543672681599	1543672682934	OK	 
REQUEST	26		completeTask	1543672681599	1543672683049	OK	 
REQUEST	48		completeTask	1543672681636	1543672683061	OK	 
REQUEST	32		completeTask	1543672681866	1543672683108	OK	 
REQUEST	49		completeTask	1543672681897	1543672683115	OK	 
REQUEST	31		completeTask	1543672681767	1543672683116	OK	 
REQUEST	33		completeTask	1543672681836	1543672683116	OK	 
REQUEST	14		completeTask	1543672681836	1543672683132	OK	 
REQUEST	16		completeTask	1543672681876	1543672683138	OK	 
REQUEST	15		completeTask	1543672681876	1543672683143	OK	 
REQUEST	13		completeTask	1543672681887	1543672683143	OK	 
REQUEST	35		completeTask	1543672681958	1543672683243	OK	 
REQUEST	54		completeTask	1543672682016	1543672683246	OK	 
REQUEST	53		completeTask	1543672681927	1543672683296	OK	 
REQUEST	29		completeTask	1543672681969	1543672683297	OK	 
REQUEST	55		completeTask	1543672682048	1543672683297	OK	 
REQUEST	52		completeTask	1543672681961	1543672683298	OK	 
REQUEST	50		completeTask	1543672681996	1543672683299	OK	 
REQUEST	51		completeTask	1543672681968	1543672683299	OK	 
REQUEST	30		completeTask	1543672681928	1543672683299	OK	 
REQUEST	28		completeTask	1543672681969	1543672683299	OK	 
REQUEST	18		completeTask	1543672681917	1543672683316	OK	 
REQUEST	34		completeTask	1543672681995	1543672683334	OK	 
REQUEST	27		completeTask	1543672681960	1543672683334	OK	 
REQUEST	9		completeTask	1543672681957	1543672683376	OK	 
REQUEST	17		completeTask	1543672681947	1543672683442	OK	 
REQUEST	12		completeTask	1543672681959	1543672683442	OK	 
REQUEST	11		completeTask	1543672681917	1543672683442	OK	 
REQUEST	10		completeTask	1543672681960	1543672683443	OK	 
REQUEST	20		completeTask	1543672682287	1543672683456	OK	 
REQUEST	60		completeTask	1543672682754	1543672683611	OK	 
REQUEST	58		completeTask	1543672682732	1543672683652	OK	 
REQUEST	57		completeTask	1543672682779	1543672683654	OK	 
REQUEST	56		completeTask	1543672682778	1543672683656	OK	 
REQUEST	22		completeTask	1543672682756	1543672683682	OK	 
REQUEST	19		completeTask	1543672682755	1543672683697	OK	 
REQUEST	36		completeTask	1543672682755	1543672683820	OK	 
REQUEST	38		completeTask	1543672683169	1543672684037	OK	 
REQUEST	46		getCurrentSingleTask	1543672683938	1543672684038	OK	 
REQUEST	59		completeTask	1543672683149	1543672684050	OK	 
REQUEST	21		completeTask	1543672683149	1543672684050	OK	 
REQUEST	23		completeTask	1543672683149	1543672684051	OK	 
REQUEST	40		completeTask	1543672683139	1543672684051	OK	 
REQUEST	41		completeTask	1543672683159	1543672684051	OK	 
REQUEST	37		completeTask	1543672683278	1543672684067	OK	 
REQUEST	39		completeTask	1543672683278	1543672684100	OK	 
USER	online shopping	14	END	1543672667306	1543672684140
USER	online shopping	16	END	1543672667647	1543672684151
USER	online shopping	13	END	1543672667251	1543672684151
USER	online shopping	15	END	1543672667477	1543672684157
REQUEST	48		getCurrentSingleTask	1543672684061	1543672684157	OK	 
REQUEST	24		completeTask	1543672683278	1543672684159	OK	 
REQUEST	26		getCurrentSingleTask	1543672684059	1543672684165	OK	 
REQUEST	32		getCurrentSingleTask	1543672684119	1543672684272	OK	 
REQUEST	33		getCurrentSingleTask	1543672684131	1543672684272	OK	 
REQUEST	49		getCurrentSingleTask	1543672684130	1543672684273	OK	 
REQUEST	31		getCurrentSingleTask	1543672684119	1543672684274	OK	 
REQUEST	35		getCurrentSingleTask	1543672684217	1543672684301	OK	 
REQUEST	54		getCurrentSingleTask	1543672684247	1543672684305	OK	 
USER	online shopping	18	END	1543672667977	1543672684316
REQUEST	28		getCurrentSingleTask	1543672684281	1543672684327	OK	 
USER	online shopping	9	END	1543672666570	1543672684337
REQUEST	50		getCurrentSingleTask	1543672684281	1543672684353	OK	 
REQUEST	51		getCurrentSingleTask	1543672684280	1543672684353	OK	 
REQUEST	29		getCurrentSingleTask	1543672684280	1543672684354	OK	 
USER	online shopping	12	END	1543672667069	1543672684437
USER	online shopping	11	END	1543672666899	1543672684447
USER	online shopping	17	END	1543672667811	1543672684447
REQUEST	53		getCurrentSingleTask	1543672684287	1543672684447	OK	 
USER	online shopping	10	END	1543672666736	1543672684449
USER	online shopping	20	END	1543672668309	1543672684457
REQUEST	52		getCurrentSingleTask	1543672684306	1543672684457	OK	 
REQUEST	30		getCurrentSingleTask	1543672684306	1543672684458	OK	 
REQUEST	55		getCurrentSingleTask	1543672684306	1543672684466	OK	 
REQUEST	34		getCurrentSingleTask	1543672684317	1543672684466	OK	 
REQUEST	27		getCurrentSingleTask	1543672684327	1543672684473	OK	 
REQUEST	43		completeTask	1543672683622	1543672684486	OK	 
REQUEST	42		completeTask	1543672683647	1543672684494	OK	 
REQUEST	45		completeTask	1543672683747	1543672684509	OK	 
REQUEST	25		completeTask	1543672683727	1543672684543	OK	 
REQUEST	44		completeTask	1543672683918	1543672684608	OK	 
REQUEST	47		completeTask	1543672683838	1543672684614	OK	 
REQUEST	60		getCurrentSingleTask	1543672684600	1543672684624	OK	 
REQUEST	56		getCurrentSingleTask	1543672684640	1543672684670	OK	 
USER	online shopping	22	END	1543672668656	1543672684686
USER	online shopping	19	END	1543672668148	1543672684686
REQUEST	58		getCurrentSingleTask	1543672684650	1543672684702	OK	 
REQUEST	57		getCurrentSingleTask	1543672684650	1543672684705	OK	 
REQUEST	36		getCurrentSingleTask	1543672684806	1543672684850	OK	 
USER	online shopping	21	END	1543672668479	1543672685046
USER	online shopping	23	END	1543672668809	1543672685057
REQUEST	41		getCurrentSingleTask	1543672685057	1543672685127	OK	 
REQUEST	40		getCurrentSingleTask	1543672685046	1543672685134	OK	 
REQUEST	59		getCurrentSingleTask	1543672685057	1543672685136	OK	 
REQUEST	38		getCurrentSingleTask	1543672685046	1543672685140	OK	 
REQUEST	37		getCurrentSingleTask	1543672685068	1543672685140	OK	 
USER	online shopping	24	END	1543672668978	1543672685159
REQUEST	39		getCurrentSingleTask	1543672685108	1543672685176	OK	 
REQUEST	46		completeTask	1543672685046	1543672685498	OK	 
REQUEST	48		completeTask	1543672685159	1543672685539	OK	 
REQUEST	42		getCurrentSingleTask	1543672685486	1543672685541	OK	 
REQUEST	43		getCurrentSingleTask	1543672685486	1543672685546	OK	 
USER	online shopping	25	END	1543672669149	1543672685546
REQUEST	45		getCurrentSingleTask	1543672685507	1543672685561	OK	 
REQUEST	26		completeTask	1543672685159	1543672685584	OK	 
REQUEST	44		getCurrentSingleTask	1543672685607	1543672685652	OK	 
REQUEST	47		getCurrentSingleTask	1543672685607	1543672685656	OK	 
REQUEST	49		completeTask	1543672685271	1543672685723	OK	 
REQUEST	31		completeTask	1543672685277	1543672685757	OK	 
REQUEST	33		completeTask	1543672685276	1543672685757	OK	 
REQUEST	50		completeTask	1543672685347	1543672685879	OK	 
REQUEST	35		completeTask	1543672685297	1543672685879	OK	 
REQUEST	32		completeTask	1543672685271	1543672685879	OK	 
REQUEST	51		completeTask	1543672685337	1543672685880	OK	 
REQUEST	54		completeTask	1543672685297	1543672685881	OK	 
REQUEST	28		completeTask	1543672685327	1543672685899	OK	 
REQUEST	29		completeTask	1543672685358	1543672685899	OK	 
REQUEST	53		completeTask	1543672685460	1543672686014	OK	 
REQUEST	52		completeTask	1543672685460	1543672686057	OK	 
REQUEST	27		completeTask	1543672685476	1543672686061	OK	 
REQUEST	30		completeTask	1543672685460	1543672686062	OK	 
REQUEST	55		completeTask	1543672685473	1543672686063	OK	 
REQUEST	34		completeTask	1543672685473	1543672686063	OK	 
REQUEST	60		completeTask	1543672685627	1543672686199	OK	 
REQUEST	56		completeTask	1543672685667	1543672686224	OK	 
REQUEST	57		completeTask	1543672685699	1543672686244	OK	 
REQUEST	58		completeTask	1543672685709	1543672686268	OK	 
REQUEST	36		completeTask	1543672685836	1543672686350	OK	 
REQUEST	46		getCurrentSingleTask	1543672686498	1543672686561	OK	 
USER	online shopping	26	END	1543672669306	1543672686594
REQUEST	59		completeTask	1543672686126	1543672686612	OK	 
REQUEST	48		getCurrentSingleTask	1543672686541	1543672686707	OK	 
USER	online shopping	33	END	1543672670476	1543672686747
USER	online shopping	31	END	1543672670139	1543672686757
REQUEST	41		completeTask	1543672686116	1543672686819	OK	 
REQUEST	39		completeTask	1543672686171	1543672686831	OK	 
REQUEST	49		getCurrentSingleTask	1543672686727	1543672686832	OK	 
REQUEST	37		completeTask	1543672686149	1543672686833	OK	 
REQUEST	40		completeTask	1543672686136	1543672686833	OK	 
REQUEST	38		completeTask	1543672686136	1543672686843	OK	 
USER	online shopping	32	END	1543672670310	1543672686878
USER	online shopping	35	END	1543672670807	1543672686889
USER	online shopping	28	END	1543672669638	1543672686889
USER	online shopping	29	END	1543672669810	1543672686900
USER	online shopping	30	END	1543672669967	1543672687046
USER	online shopping	34	END	1543672670646	1543672687047
USER	online shopping	27	END	1543672669467	1543672687056
REQUEST	50		getCurrentSingleTask	1543672686878	1543672687072	OK	 
REQUEST	54		getCurrentSingleTask	1543672686878	1543672687324	OK	 
REQUEST	51		getCurrentSingleTask	1543672686878	1543672687336	OK	 
REQUEST	53		getCurrentSingleTask	1543672687007	1543672687358	OK	 
REQUEST	57		getCurrentSingleTask	1543672687237	1543672687360	OK	 
REQUEST	58		getCurrentSingleTask	1543672687266	1543672687361	OK	 
REQUEST	52		getCurrentSingleTask	1543672687046	1543672687364	OK	 
USER	online shopping	36	END	1543672670979	1543672687369
REQUEST	56		getCurrentSingleTask	1543672687246	1543672687379	OK	 
REQUEST	60		getCurrentSingleTask	1543672687197	1543672687391	OK	 
REQUEST	55		getCurrentSingleTask	1543672687047	1543672687392	OK	 
REQUEST	59		getCurrentSingleTask	1543672687611	1543672687661	OK	 
REQUEST	44		completeTask	1543672686656	1543672687733	OK	 
REQUEST	42		completeTask	1543672686557	1543672687734	OK	 
REQUEST	47		completeTask	1543672686656	1543672687734	OK	 
REQUEST	45		completeTask	1543672686581	1543672687736	OK	 
REQUEST	43		completeTask	1543672686560	1543672687762	OK	 
USER	online shopping	41	END	1543672671806	1543672687831
USER	online shopping	37	END	1543672671147	1543672687831
USER	online shopping	39	END	1543672671469	1543672687839
USER	online shopping	40	END	1543672671646	1543672687839
USER	online shopping	38	END	1543672671297	1543672687839
REQUEST	46		completeTask	1543672687571	1543672688019	OK	 
REQUEST	48		completeTask	1543672687708	1543672688104	OK	 
REQUEST	49		completeTask	1543672687831	1543672688228	OK	 
REQUEST	50		completeTask	1543672688069	1543672688551	OK	 
USER	online shopping	42	END	1543672671978	1543672688722
USER	online shopping	45	END	1543672672479	1543672688723
USER	online shopping	44	END	1543672672306	1543672688728
USER	online shopping	47	END	1543672672818	1543672688729
USER	online shopping	43	END	1543672672148	1543672688760
REQUEST	51		completeTask	1543672688340	1543672688985	OK	 
USER	online shopping	46	END	1543672672649	1543672689006
REQUEST	56		completeTask	1543672688373	1543672689026	OK	 
REQUEST	58		completeTask	1543672688361	1543672689027	OK	 
REQUEST	53		completeTask	1543672688371	1543672689064	OK	 
REQUEST	54		completeTask	1543672688339	1543672689069	OK	 
REQUEST	60		completeTask	1543672688396	1543672689070	OK	 
REQUEST	55		completeTask	1543672688406	1543672689093	OK	 
REQUEST	52		completeTask	1543672688372	1543672689093	OK	 
REQUEST	57		completeTask	1543672688378	1543672689094	OK	 
USER	online shopping	48	END	1543672672979	1543672689096
REQUEST	59		completeTask	1543672688661	1543672689100	OK	 
USER	online shopping	49	END	1543672673146	1543672689226
USER	online shopping	50	END	1543672673317	1543672689546
USER	online shopping	51	END	1543672673476	1543672689978
USER	online shopping	56	END	1543672674296	1543672690018
USER	online shopping	58	END	1543672674644	1543672690018
USER	online shopping	53	END	1543672673820	1543672690038
USER	online shopping	60	END	1543672674982	1543672690058
USER	online shopping	54	END	1543672673980	1543672690058
USER	online shopping	55	END	1543672674156	1543672690078
USER	online shopping	57	END	1543672674467	1543672690078
USER	online shopping	52	END	1543672673646	1543672690078
USER	online shopping	59	END	1543672674796	1543672690098
