RUN	computerdatabase.advanced.AdvancedSimulationStep03	advancedsimulationstep03	1543671066384	 	3.0.1.1
USER	Users	1	START	1543671068733	1543671068733
USER	Admins	4	START	1543671068852	1543671068852
REQUEST	1		Home	1543671068832	1543671069593	OK	 
REQUEST	4		Form	1543671068853	1543671069560	OK	 
USER	Users	2	START	1543671069797	1543671069797
REQUEST	1		Home Redirect 1	1543671069610	1543671070007	OK	 
REQUEST	2		Home	1543671069798	1543671070478	OK	 
USER	Users	3	START	1543671070798	1543671070798
REQUEST	2		Home Redirect 1	1543671070479	1543671070807	OK	 
REQUEST	4		Post	1543671070603	1543671070929	OK	 
REQUEST	4		Post Redirect 1	1543671070959	1543671071289	OK	 
USER	Admins	4	END	1543671068852	1543671071298
REQUEST	3		Home	1543671070799	1543671071341	OK	 
REQUEST	1		Search	1543671071041	1543671071372	OK	 
REQUEST	3		Home Redirect 1	1543671071343	1543671071631	OK	 
USER	Users	5	START	1543671071705	1543671071705
REQUEST	2		Search	1543671071816	1543671072104	OK	 
USER	Users	6	START	1543671072686	1543671072686
REQUEST	1		Select	1543671072378	1543671072723	OK	 
REQUEST	3		Search	1543671072636	1543671072934	OK	 
REQUEST	2		Select	1543671073106	1543671073465	OK	 
USER	Users	7	START	1543671073675	1543671073675
USER	Admins	8	START	1543671073679	1543671073679
REQUEST	6		Home	1543671072687	1543671074086	OK	 
REQUEST	1		Home	1543671073738	1543671074104	OK	 
REQUEST	3		Select	1543671073950	1543671074250	OK	 
REQUEST	8		Form	1543671073681	1543671074260	OK	 
REQUEST	7		Home	1543671073678	1543671074282	OK	 
REQUEST	6		Home Redirect 1	1543671074089	1543671074367	OK	 
REQUEST	1		Home Redirect 1	1543671074107	1543671074437	OK	 
REQUEST	7		Home Redirect 1	1543671074286	1543671074594	OK	 
USER	Users	9	START	1543671074679	1543671074679
REQUEST	2		Home	1543671074480	1543671074845	OK	 
REQUEST	2		Home Redirect 1	1543671074846	1543671075205	OK	 
REQUEST	9		Home	1543671074681	1543671075308	OK	 
REQUEST	3		Home	1543671075247	1543671075547	OK	 
REQUEST	8		Post	1543671075277	1543671075606	OK	 
REQUEST	9		Home Redirect 1	1543671075310	1543671075646	OK	 
REQUEST	6		Search	1543671075379	1543671075683	OK	 
USER	Users	10	START	1543671075690	1543671075690
REQUEST	3		Home Redirect 1	1543671075549	1543671075844	OK	 
REQUEST	8		Post Redirect 1	1543671075609	1543671075905	OK	 
USER	Admins	8	END	1543671073679	1543671075907
REQUEST	7		Search	1543671075610	1543671075926	OK	 
REQUEST	10		Home	1543671075691	1543671076287	OK	 
REQUEST	10		Home Redirect 1	1543671076288	1543671076585	OK	 
USER	Users	11	START	1543671076682	1543671076682
REQUEST	1		Page 1	1543671076419	1543671076765	OK	 
REQUEST	6		Select	1543671076688	1543671076986	OK	 
REQUEST	9		Search	1543671076659	1543671076996	OK	 
REQUEST	7		Select	1543671076928	1543671077246	OK	 
REQUEST	11		Home	1543671076684	1543671077369	OK	 
REQUEST	2		Page 1	1543671077211	1543671077568	OK	 
USER	Users	12	START	1543671077680	1543671077680
REQUEST	1		Page 2	1543671077440	1543671077779	OK	 
REQUEST	10		Search	1543671077600	1543671077913	OK	 
REQUEST	11		Home Redirect 1	1543671077371	1543671078035	OK	 
REQUEST	3		Page 1	1543671077851	1543671078144	OK	 
REQUEST	9		Select	1543671078010	1543671078299	OK	 
REQUEST	12		Home	1543671077681	1543671078328	OK	 
REQUEST	7		Home	1543671078247	1543671078547	OK	 
REQUEST	2		Page 2	1543671078227	1543671078585	OK	 
REQUEST	12		Home Redirect 1	1543671078329	1543671078682	OK	 
REQUEST	1		Page 3	1543671078418	1543671078787	OK	 
REQUEST	6		Home	1543671078000	1543671078829	OK	 
REQUEST	7		Home Redirect 1	1543671078547	1543671078857	OK	 
REQUEST	3		Page 2	1543671078810	1543671079125	OK	 
REQUEST	10		Select	1543671078920	1543671079226	OK	 
REQUEST	11		Search	1543671079050	1543671079425	OK	 
REQUEST	2		Page 3	1543671079217	1543671079561	OK	 
REQUEST	9		Home	1543671079299	1543671079611	OK	 
REQUEST	1		Page 4	1543671079507	1543671079885	OK	 
REQUEST	9		Home Redirect 1	1543671079612	1543671079926	OK	 
REQUEST	12		Search	1543671079699	1543671080060	OK	 
REQUEST	3		Page 3	1543671079766	1543671080073	OK	 
REQUEST	10		Home	1543671080219	1543671080530	OK	 
REQUEST	2		Page 4	1543671080289	1543671080646	OK	 
REQUEST	6		Home Redirect 1	1543671078830	1543671080748	OK	 
REQUEST	11		Select	1543671080428	1543671080803	OK	 
REQUEST	10		Home Redirect 1	1543671080532	1543671080834	OK	 
REQUEST	3		Page 4	1543671080799	1543671081126	OK	 
REQUEST	7		Page 1	1543671080859	1543671081182	OK	 
REQUEST	5		Home	1543671071706	1543671081320	OK	 
REQUEST	12		Select	1543671081069	1543671081426	OK	 
REQUEST	5		Home Redirect 1	1543671081321	1543671081626	OK	 
REQUEST	11		Home	1543671081806	1543671082267	OK	 
REQUEST	7		Page 2	1543671081856	1543671082298	OK	 
REQUEST	9		Page 1	1543671081916	1543671082298	OK	 
REQUEST	12		Home	1543671082420	1543671082863	OK	 
REQUEST	11		Home Redirect 1	1543671082268	1543671082911	OK	 
REQUEST	5		Search	1543671082640	1543671082912	OK	 
REQUEST	6		Page 1	1543671082749	1543671083019	OK	 
REQUEST	12		Home Redirect 1	1543671082863	1543671083182	OK	 
REQUEST	7		Page 3	1543671082919	1543671083205	OK	 
REQUEST	9		Page 2	1543671082970	1543671083277	OK	 
REQUEST	10		Page 1	1543671082839	1543671083793	OK	 
REQUEST	6		Page 2	1543671083691	1543671083988	OK	 
REQUEST	5		Select	1543671083921	1543671084258	OK	 
REQUEST	7		Page 4	1543671083940	1543671084269	OK	 
REQUEST	9		Page 3	1543671083920	1543671084276	OK	 
REQUEST	10		Page 2	1543671084470	1543671084814	OK	 
USER	Users	1	END	1543671068733	1543671084886
REQUEST	11		Page 1	1543671084906	1543671085267	OK	 
REQUEST	9		Page 4	1543671084996	1543671085334	OK	 
REQUEST	12		Page 1	1543671085186	1543671085529	OK	 
REQUEST	5		Home	1543671085246	1543671085531	OK	 
USER	Users	2	END	1543671069797	1543671085646
REQUEST	10		Page 3	1543671085427	1543671085727	OK	 
REQUEST	5		Home Redirect 1	1543671085533	1543671085833	OK	 
REQUEST	6		Page 3	1543671084610	1543671086002	OK	 
USER	Users	3	END	1543671070798	1543671086128
REQUEST	11		Page 2	1543671085949	1543671086311	OK	 
REQUEST	12		Page 2	1543671086196	1543671086545	OK	 
REQUEST	10		Page 4	1543671086467	1543671086785	OK	 
REQUEST	6		Page 4	1543671086736	1543671087044	OK	 
REQUEST	11		Page 3	1543671086928	1543671087308	OK	 
REQUEST	12		Page 3	1543671087177	1543671087530	OK	 
REQUEST	5		Page 1	1543671087848	1543671088146	OK	 
REQUEST	11		Page 4	1543671088058	1543671088426	OK	 
REQUEST	12		Page 4	1543671088268	1543671088608	OK	 
REQUEST	5		Page 2	1543671088808	1543671089090	OK	 
USER	Users	7	END	1543671073675	1543671089278
REQUEST	5		Page 3	1543671089729	1543671090029	OK	 
USER	Users	9	END	1543671074679	1543671090339
REQUEST	5		Page 4	1543671090769	1543671091134	OK	 
USER	Users	10	END	1543671075690	1543671091789
USER	Users	6	END	1543671072686	1543671092039
USER	Users	11	END	1543671076682	1543671093419
USER	Users	12	END	1543671077680	1543671093609
USER	Users	5	END	1543671071705	1543671096116
